<?xml version='1.0' encoding='UTF-8'?>
<testsuite hostname="BASTIENT-P5680" name="todo.data.BijectionSuite" tests="7" errors="0" failures="0" skipped="0" time="0.107" timestamp="2024-02-14T12:41:01">
          <properties>
[...]
</properties>
          <testcase classname="todo.data.BijectionSuite" name="Task" time="0.087">
                      
                    </testcase><testcase classname="todo.data.BijectionSuite" name="Task-1" time="0.016">
                      
                    </testcase><testcase classname="todo.data.BijectionSuite" name="Tag" time="0.001">
                      
                    </testcase><testcase classname="todo.data.BijectionSuite" name="State:Active" time="0.0">
                      
                    </testcase><testcase classname="todo.data.BijectionSuite" name="State:Completed" time="0.0">
                      
                    </testcase><testcase classname="todo.data.BijectionSuite" name="Id" time="0.001">
                      
                    </testcase><testcase classname="todo.data.BijectionSuite" name="Tasks" time="0.002">
                      
                    </testcase>
          <system-out><![CDATA[]]></system-out>
          <system-err><![CDATA[]]></system-err>
        </testsuite>