<?xml version='1.0' encoding='UTF-8'?>
<testsuite hostname="BASTIENT-P5680" name="todo.TodoSuite" tests="14" errors="0" failures="14" skipped="0" time="0.109" timestamp="2024-02-14T12:41:01">
          <properties>
[...]
</properties>
          <testcase classname="todo.TodoSuite" name="Created tasks can be read" time="0.064">
                      <failure message="munit.FailException: /home/btchinianga/linux_workspace/Formation_scala/todo/src/test/scala/todo/TodoSuite.scala:69 Using InMemoryModel: We expected the task Task(Active,An active task,Some(The notes),List(Tag(a), Tag(b))) but we received None instead.
68:      val id1 = model.create(task1)
[7m69:      assertTask(name, model.read(id1), task1)[0m
70:" type="sbt.ForkMain$ForkError">sbt.ForkMain$ForkError: munit.FailException: /home/btchinianga/linux_workspace/Formation_scala/todo/src/test/scala/todo/TodoSuite.scala:69 Using InMemoryModel: We expected the task Task(Active,An active task,Some(The notes),List(Tag(a), Tag(b))) but we received None instead.
68:      val id1 = model.create(task1)
[7m69:      assertTask(name, model.read(id1), task1)[0m
70:
	at munit.Assertions.fail(Assertions.scala:261)
	at munit.Assertions.fail$(Assertions.scala:15)
	at munit.FunSuite.fail(FunSuite.scala:11)
	at todo.TodoSuite.assertTask(TodoSuite.scala:40)
	at todo.TodoSuite.allTests$$anonfun$1(TodoSuite.scala:69)
	at munit.FunFixtures.munit$FunFixtures$FunFixture$$_$test$$anonfun$2$$anonfun$2$$anonfun$2(FunFixtures.scala:34)
</failure>
                    </testcase><testcase classname="todo.TodoSuite" name="Updated tasks can be read" time="0.001">
                      <failure message="munit.FailException: /home/btchinianga/linux_workspace/Formation_scala/todo/src/test/scala/todo/TodoSuite.scala:80 Using InMemoryModel: We expected the task Task(Completed(2024-02-14T12:41:01.235378+01:00[Europe/Paris]),An inactive task,None,List(Tag(c))) but we received None instead.
79:
[7m80:      assertTask(name, returned, task2)[0m
81:      assertTask(name, read, task2)" type="sbt.ForkMain$ForkError">sbt.ForkMain$ForkError: munit.FailException: /home/btchinianga/linux_workspace/Formation_scala/todo/src/test/scala/todo/TodoSuite.scala:80 Using InMemoryModel: We expected the task Task(Completed(2024-02-14T12:41:01.235378+01:00[Europe/Paris]),An inactive task,None,List(Tag(c))) but we received None instead.
79:
[7m80:      assertTask(name, returned, task2)[0m
81:      assertTask(name, read, task2)
	at munit.Assertions.fail(Assertions.scala:261)
	at munit.Assertions.fail$(Assertions.scala:15)
	at munit.FunSuite.fail(FunSuite.scala:11)
	at todo.TodoSuite.assertTask(TodoSuite.scala:40)
	at todo.TodoSuite.allTests$$anonfun$2(TodoSuite.scala:80)
	at munit.FunFixtures.munit$FunFixtures$FunFixture$$_$test$$anonfun$2$$anonfun$2$$anonfun$2(FunFixtures.scala:34)
</failure>
                    </testcase><testcase classname="todo.TodoSuite" name="Deleted tasks are no longer read" time="0.002">
                      <failure message="munit.FailException: /home/btchinianga/linux_workspace/Formation_scala/todo/src/test/scala/todo/TodoSuite.scala:88 Using InMemoryModel: We expected deleting Id(5) to return true
87:
[7m88:      assert(model.delete(id1), s&quot;Using $name: We expected deleting $id1 to return true&quot;)[0m
89:" type="sbt.ForkMain$ForkError">sbt.ForkMain$ForkError: munit.FailException: /home/btchinianga/linux_workspace/Formation_scala/todo/src/test/scala/todo/TodoSuite.scala:88 Using InMemoryModel: We expected deleting Id(5) to return true
87:
[7m88:      assert(model.delete(id1), s&quot;Using $name: We expected deleting $id1 to return true&quot;)[0m
89:
	at munit.FunSuite.assert(FunSuite.scala:11)
	at todo.TodoSuite.allTests$$anonfun$3(TodoSuite.scala:88)
	at munit.FunFixtures.munit$FunFixtures$FunFixture$$_$test$$anonfun$2$$anonfun$2$$anonfun$2(FunFixtures.scala:34)
</failure>
                    </testcase><testcase classname="todo.TodoSuite" name="Tasks returns all inserted tasks in insertion order" time="0.03">
                      <failure message="munit.ComparisonFailException: /home/btchinianga/linux_workspace/Formation_scala/todo/src/test/scala/todo/TodoSuite.scala:104
103:                   List((id1 -&gt; task1)),
[7m104:                   s&quot;Using $name: The list of tasks is different to the tasks that were created&quot;)[0m
105:
Using InMemoryModel: The list of tasks is different to the tasks that were created
[1m=&gt; Obtained[0m
Nil
[1m=&gt; Diff[0m ([91m- obtained[0m, [92m+ expected[0m)
[91m-Nil[0m
[92m+List([0m
[92m+  Tuple2([0m
[92m+    _1 = Id([0m
[92m+      toInt = 7[0m
[92m+    ),[0m
[92m+    _2 = Task([0m
[92m+      state = Active(),[0m
[92m+      description = &quot;An active task&quot;,[0m
[92m+      notes = Some([0m
[92m+        value = &quot;The notes&quot;[0m
[92m+      ),[0m
[92m+      tags = List([0m
[92m+        Tag([0m
[92m+          tag = &quot;a&quot;[0m
[92m+        ),[0m
[92m+        Tag([0m
[92m+          tag = &quot;b&quot;[0m
[92m+        )[0m
[92m+      )[0m
[92m+    )[0m
[92m+  )[0m
[92m+)[0m" type="sbt.ForkMain$ForkError">sbt.ForkMain$ForkError: munit.ComparisonFailException: /home/btchinianga/linux_workspace/Formation_scala/todo/src/test/scala/todo/TodoSuite.scala:104
103:                   List((id1 -&gt; task1)),
[7m104:                   s&quot;Using $name: The list of tasks is different to the tasks that were created&quot;)[0m
105:
Using InMemoryModel: The list of tasks is different to the tasks that were created
[1m=&gt; Obtained[0m
Nil
[1m=&gt; Diff[0m ([91m- obtained[0m, [92m+ expected[0m)
[91m-Nil[0m
[92m+List([0m
[92m+  Tuple2([0m
[92m+    _1 = Id([0m
[92m+      toInt = 7[0m
[92m+    ),[0m
[92m+    _2 = Task([0m
[92m+      state = Active(),[0m
[92m+      description = &quot;An active task&quot;,[0m
[92m+      notes = Some([0m
[92m+        value = &quot;The notes&quot;[0m
[92m+      ),[0m
[92m+      tags = List([0m
[92m+        Tag([0m
[92m+          tag = &quot;a&quot;[0m
[92m+        ),[0m
[92m+        Tag([0m
[92m+          tag = &quot;b&quot;[0m
[92m+        )[0m
[92m+      )[0m
[92m+    )[0m
[92m+  )[0m
[92m+)[0m
	at munit.FunSuite.assertEquals(FunSuite.scala:11)
	at todo.TodoSuite.allTests$$anonfun$4(TodoSuite.scala:104)
	at munit.FunFixtures.munit$FunFixtures$FunFixture$$_$test$$anonfun$2$$anonfun$2$$anonfun$2(FunFixtures.scala:34)
</failure>
                    </testcase><testcase classname="todo.TodoSuite" name="Tasks(tag) returns only tasks with given tag" time="0.002">
                      <failure message="munit.ComparisonFailException: /home/btchinianga/linux_workspace/Formation_scala/todo/src/test/scala/todo/TodoSuite.scala:119
118:
[7m119:      assertEquals(model.tasks(Tag(&quot;a&quot;)).toList, List(id1 -&gt; task1, id3 -&gt; task3))[0m
120:      assertEquals(model.tasks(Tag(&quot;b&quot;)).toList, List(id1 -&gt; task1))
values are not the same
[1m=&gt; Obtained[0m
Nil
[1m=&gt; Diff[0m ([91m- obtained[0m, [92m+ expected[0m)
[91m-Nil[0m
[92m+List([0m
[92m+  Tuple2([0m
[92m+    _1 = Id([0m
[92m+      toInt = 8[0m
[92m+    ),[0m
[92m+    _2 = Task([0m
[92m+      state = Active(),[0m
[92m+      description = &quot;An active task&quot;,[0m
[92m+      notes = Some([0m
[92m+        value = &quot;The notes&quot;[0m
[92m+      ),[0m
[92m+      tags = List([0m
[92m+        Tag([0m
[92m+          tag = &quot;a&quot;[0m
[92m+        ),[0m
[92m+        Tag([0m
[92m+          tag = &quot;b&quot;[0m
[92m+        )[0m
[92m+      )[0m
[92m+    )[0m
[92m+  ),[0m
[92m+  Tuple2([0m
[92m+    _1 = Id([0m
[92m+      toInt = 10[0m
[92m+    ),[0m
[92m+    _2 = Task([0m
[92m+      state = Active(),[0m
[92m+      description = &quot;Another active task&quot;,[0m
[92m+      notes = None,[0m
[92m+      tags = List([0m
[92m+        Tag([0m
[92m+          tag = &quot;a&quot;[0m
[92m+        ),[0m
[92m+        Tag([0m
[92m+          tag = &quot;c&quot;[0m
[92m+        )[0m
[92m+      )[0m
[92m+    )[0m
[92m+  )[0m
[92m+)[0m" type="sbt.ForkMain$ForkError">sbt.ForkMain$ForkError: munit.ComparisonFailException: /home/btchinianga/linux_workspace/Formation_scala/todo/src/test/scala/todo/TodoSuite.scala:119
118:
[7m119:      assertEquals(model.tasks(Tag(&quot;a&quot;)).toList, List(id1 -&gt; task1, id3 -&gt; task3))[0m
120:      assertEquals(model.tasks(Tag(&quot;b&quot;)).toList, List(id1 -&gt; task1))
values are not the same
[1m=&gt; Obtained[0m
Nil
[1m=&gt; Diff[0m ([91m- obtained[0m, [92m+ expected[0m)
[91m-Nil[0m
[92m+List([0m
[92m+  Tuple2([0m
[92m+    _1 = Id([0m
[92m+      toInt = 8[0m
[92m+    ),[0m
[92m+    _2 = Task([0m
[92m+      state = Active(),[0m
[92m+      description = &quot;An active task&quot;,[0m
[92m+      notes = Some([0m
[92m+        value = &quot;The notes&quot;[0m
[92m+      ),[0m
[92m+      tags = List([0m
[92m+        Tag([0m
[92m+          tag = &quot;a&quot;[0m
[92m+        ),[0m
[92m+        Tag([0m
[92m+          tag = &quot;b&quot;[0m
[92m+        )[0m
[92m+      )[0m
[92m+    )[0m
[92m+  ),[0m
[92m+  Tuple2([0m
[92m+    _1 = Id([0m
[92m+      toInt = 10[0m
[92m+    ),[0m
[92m+    _2 = Task([0m
[92m+      state = Active(),[0m
[92m+      description = &quot;Another active task&quot;,[0m
[92m+      notes = None,[0m
[92m+      tags = List([0m
[92m+        Tag([0m
[92m+          tag = &quot;a&quot;[0m
[92m+        ),[0m
[92m+        Tag([0m
[92m+          tag = &quot;c&quot;[0m
[92m+        )[0m
[92m+      )[0m
[92m+    )[0m
[92m+  )[0m
[92m+)[0m
	at munit.FunSuite.assertEquals(FunSuite.scala:11)
	at todo.TodoSuite.allTests$$anonfun$5(TodoSuite.scala:119)
	at munit.FunFixtures.munit$FunFixtures$FunFixture$$_$test$$anonfun$2$$anonfun$2$$anonfun$2(FunFixtures.scala:34)
</failure>
                    </testcase><testcase classname="todo.TodoSuite" name="complete changes state to completed, if task is not already completed" time="0.001">
                      <failure message="munit.FailException: /home/btchinianga/linux_workspace/Formation_scala/todo/src/test/scala/todo/TodoSuite.scala:128 Using InMemoryModel: We expected a task but we received None instead.
127:
[7m128:      assertTaskActive(name, model.read(id1))[0m
129:      assertTaskCompleted(name, model.read(id2))" type="sbt.ForkMain$ForkError">sbt.ForkMain$ForkError: munit.FailException: /home/btchinianga/linux_workspace/Formation_scala/todo/src/test/scala/todo/TodoSuite.scala:128 Using InMemoryModel: We expected a task but we received None instead.
127:
[7m128:      assertTaskActive(name, model.read(id1))[0m
129:      assertTaskCompleted(name, model.read(id2))
	at munit.Assertions.fail(Assertions.scala:261)
	at munit.Assertions.fail$(Assertions.scala:15)
	at munit.FunSuite.fail(FunSuite.scala:11)
	at todo.TodoSuite.assertTaskActive(TodoSuite.scala:50)
	at todo.TodoSuite.allTests$$anonfun$6(TodoSuite.scala:128)
	at munit.FunFixtures.munit$FunFixtures$FunFixture$$_$test$$anonfun$2$$anonfun$2$$anonfun$2(FunFixtures.scala:34)
</failure>
                    </testcase><testcase classname="todo.TodoSuite" name="tags returns all tags" time="0.002">
                      <failure message="munit.ComparisonFailException: /home/btchinianga/linux_workspace/Formation_scala/todo/src/test/scala/todo/TodoSuite.scala:144
143:      val id1 = model.create(task1)
[7m144:      assertEquals(model.tags.toList, List(Tag(&quot;a&quot;), Tag(&quot;b&quot;)), s&quot;Using $name&quot;)[0m
145:
Using InMemoryModel
[1m=&gt; Obtained[0m
Nil
[1m=&gt; Diff[0m ([91m- obtained[0m, [92m+ expected[0m)
[91m-Nil[0m
[92m+List([0m
[92m+  Tag([0m
[92m+    tag = &quot;a&quot;[0m
[92m+  ),[0m
[92m+  Tag([0m
[92m+    tag = &quot;b&quot;[0m
[92m+  )[0m
[92m+)[0m" type="sbt.ForkMain$ForkError">sbt.ForkMain$ForkError: munit.ComparisonFailException: /home/btchinianga/linux_workspace/Formation_scala/todo/src/test/scala/todo/TodoSuite.scala:144
143:      val id1 = model.create(task1)
[7m144:      assertEquals(model.tags.toList, List(Tag(&quot;a&quot;), Tag(&quot;b&quot;)), s&quot;Using $name&quot;)[0m
145:
Using InMemoryModel
[1m=&gt; Obtained[0m
Nil
[1m=&gt; Diff[0m ([91m- obtained[0m, [92m+ expected[0m)
[91m-Nil[0m
[92m+List([0m
[92m+  Tag([0m
[92m+    tag = &quot;a&quot;[0m
[92m+  ),[0m
[92m+  Tag([0m
[92m+    tag = &quot;b&quot;[0m
[92m+  )[0m
[92m+)[0m
	at munit.FunSuite.assertEquals(FunSuite.scala:11)
	at todo.TodoSuite.allTests$$anonfun$7(TodoSuite.scala:144)
	at munit.FunFixtures.munit$FunFixtures$FunFixture$$_$test$$anonfun$2$$anonfun$2$$anonfun$2(FunFixtures.scala:34)
</failure>
                    </testcase><testcase classname="todo.TodoSuite" name="Created tasks can be read-1" time="0.0">
                      <failure message="scala.NotImplementedError: an implementation is missing" type="sbt.ForkMain$ForkError">sbt.ForkMain$ForkError: scala.NotImplementedError: an implementation is missing
	at scala.Predef$.$qmark$qmark$qmark(Predef.scala:344)
	at todo.PersistentModel$.clear(PersistentModel.scala:128)
	at todo.TodoSuite.makeModelFixture$$anonfun$1(TodoSuite.scala:22)
	at munit.FunFixtures.apply$$anonfun$3$$anonfun$1(FunFixtures.scala:60)
	at scala.concurrent.Future$.$anonfun$apply$1(Future.scala:678)
	at scala.concurrent.impl.Promise$Transformation.run(Promise.scala:467)
	at munit.Suite$$anon$1.execute(Suite.scala:26)
	at scala.concurrent.impl.Promise$Transformation.submitWithValue(Promise.scala:429)
	at scala.concurrent.impl.Promise$DefaultPromise.submitWithValue(Promise.scala:338)
	at scala.concurrent.impl.Promise$DefaultPromise.dispatchOrAddCallbacks(Promise.scala:312)
	at scala.concurrent.impl.Promise$DefaultPromise.map(Promise.scala:182)
	at scala.concurrent.Future$.apply(Future.scala:678)
	at munit.FunFixtures.munit$FunFixtures$FunFixture$$$_$apply$$anonfun$1(FunFixtures.scala:60)
	at munit.FunFixtures$FunFixture.test$$anonfun$1(FunFixtures.scala:33)
</failure>
                    </testcase><testcase classname="todo.TodoSuite" name="Updated tasks can be read-1" time="0.001">
                      <failure message="scala.NotImplementedError: an implementation is missing" type="sbt.ForkMain$ForkError">sbt.ForkMain$ForkError: scala.NotImplementedError: an implementation is missing
	at scala.Predef$.$qmark$qmark$qmark(Predef.scala:344)
	at todo.PersistentModel$.clear(PersistentModel.scala:128)
	at todo.TodoSuite.makeModelFixture$$anonfun$1(TodoSuite.scala:22)
	at munit.FunFixtures.apply$$anonfun$3$$anonfun$1(FunFixtures.scala:60)
	at scala.concurrent.Future$.$anonfun$apply$1(Future.scala:678)
	at scala.concurrent.impl.Promise$Transformation.run(Promise.scala:467)
	at munit.Suite$$anon$1.execute(Suite.scala:26)
	at scala.concurrent.impl.Promise$Transformation.submitWithValue(Promise.scala:429)
	at scala.concurrent.impl.Promise$DefaultPromise.submitWithValue(Promise.scala:338)
	at scala.concurrent.impl.Promise$DefaultPromise.dispatchOrAddCallbacks(Promise.scala:312)
	at scala.concurrent.impl.Promise$DefaultPromise.map(Promise.scala:182)
	at scala.concurrent.Future$.apply(Future.scala:678)
	at munit.FunFixtures.munit$FunFixtures$FunFixture$$$_$apply$$anonfun$1(FunFixtures.scala:60)
	at munit.FunFixtures$FunFixture.test$$anonfun$1(FunFixtures.scala:33)
</failure>
                    </testcase><testcase classname="todo.TodoSuite" name="Deleted tasks are no longer read-1" time="0.001">
                      <failure message="scala.NotImplementedError: an implementation is missing" type="sbt.ForkMain$ForkError">sbt.ForkMain$ForkError: scala.NotImplementedError: an implementation is missing
	at scala.Predef$.$qmark$qmark$qmark(Predef.scala:344)
	at todo.PersistentModel$.clear(PersistentModel.scala:128)
	at todo.TodoSuite.makeModelFixture$$anonfun$1(TodoSuite.scala:22)
	at munit.FunFixtures.apply$$anonfun$3$$anonfun$1(FunFixtures.scala:60)
	at scala.concurrent.Future$.$anonfun$apply$1(Future.scala:678)
	at scala.concurrent.impl.Promise$Transformation.run(Promise.scala:467)
	at munit.Suite$$anon$1.execute(Suite.scala:26)
	at scala.concurrent.impl.Promise$Transformation.submitWithValue(Promise.scala:429)
	at scala.concurrent.impl.Promise$DefaultPromise.submitWithValue(Promise.scala:338)
	at scala.concurrent.impl.Promise$DefaultPromise.dispatchOrAddCallbacks(Promise.scala:312)
	at scala.concurrent.impl.Promise$DefaultPromise.map(Promise.scala:182)
	at scala.concurrent.Future$.apply(Future.scala:678)
	at munit.FunFixtures.munit$FunFixtures$FunFixture$$$_$apply$$anonfun$1(FunFixtures.scala:60)
	at munit.FunFixtures$FunFixture.test$$anonfun$1(FunFixtures.scala:33)
</failure>
                    </testcase><testcase classname="todo.TodoSuite" name="Tasks returns all inserted tasks in insertion order-1" time="0.004">
                      <failure message="scala.NotImplementedError: an implementation is missing" type="sbt.ForkMain$ForkError">sbt.ForkMain$ForkError: scala.NotImplementedError: an implementation is missing
	at scala.Predef$.$qmark$qmark$qmark(Predef.scala:344)
	at todo.PersistentModel$.clear(PersistentModel.scala:128)
	at todo.TodoSuite.makeModelFixture$$anonfun$1(TodoSuite.scala:22)
	at munit.FunFixtures.apply$$anonfun$3$$anonfun$1(FunFixtures.scala:60)
	at scala.concurrent.Future$.$anonfun$apply$1(Future.scala:678)
	at scala.concurrent.impl.Promise$Transformation.run(Promise.scala:467)
	at munit.Suite$$anon$1.execute(Suite.scala:26)
	at scala.concurrent.impl.Promise$Transformation.submitWithValue(Promise.scala:429)
	at scala.concurrent.impl.Promise$DefaultPromise.submitWithValue(Promise.scala:338)
	at scala.concurrent.impl.Promise$DefaultPromise.dispatchOrAddCallbacks(Promise.scala:312)
	at scala.concurrent.impl.Promise$DefaultPromise.map(Promise.scala:182)
	at scala.concurrent.Future$.apply(Future.scala:678)
	at munit.FunFixtures.munit$FunFixtures$FunFixture$$$_$apply$$anonfun$1(FunFixtures.scala:60)
	at munit.FunFixtures$FunFixture.test$$anonfun$1(FunFixtures.scala:33)
</failure>
                    </testcase><testcase classname="todo.TodoSuite" name="Tasks(tag) returns only tasks with given tag-1" time="0.001">
                      <failure message="scala.NotImplementedError: an implementation is missing" type="sbt.ForkMain$ForkError">sbt.ForkMain$ForkError: scala.NotImplementedError: an implementation is missing
	at scala.Predef$.$qmark$qmark$qmark(Predef.scala:344)
	at todo.PersistentModel$.clear(PersistentModel.scala:128)
	at todo.TodoSuite.makeModelFixture$$anonfun$1(TodoSuite.scala:22)
	at munit.FunFixtures.apply$$anonfun$3$$anonfun$1(FunFixtures.scala:60)
	at scala.concurrent.Future$.$anonfun$apply$1(Future.scala:678)
	at scala.concurrent.impl.Promise$Transformation.run(Promise.scala:467)
	at munit.Suite$$anon$1.execute(Suite.scala:26)
	at scala.concurrent.impl.Promise$Transformation.submitWithValue(Promise.scala:429)
	at scala.concurrent.impl.Promise$DefaultPromise.submitWithValue(Promise.scala:338)
	at scala.concurrent.impl.Promise$DefaultPromise.dispatchOrAddCallbacks(Promise.scala:312)
	at scala.concurrent.impl.Promise$DefaultPromise.map(Promise.scala:182)
	at scala.concurrent.Future$.apply(Future.scala:678)
	at munit.FunFixtures.munit$FunFixtures$FunFixture$$$_$apply$$anonfun$1(FunFixtures.scala:60)
	at munit.FunFixtures$FunFixture.test$$anonfun$1(FunFixtures.scala:33)
</failure>
                    </testcase><testcase classname="todo.TodoSuite" name="complete changes state to completed, if task is not already completed-1" time="0.0">
                      <failure message="scala.NotImplementedError: an implementation is missing" type="sbt.ForkMain$ForkError">sbt.ForkMain$ForkError: scala.NotImplementedError: an implementation is missing
	at scala.Predef$.$qmark$qmark$qmark(Predef.scala:344)
	at todo.PersistentModel$.clear(PersistentModel.scala:128)
	at todo.TodoSuite.makeModelFixture$$anonfun$1(TodoSuite.scala:22)
	at munit.FunFixtures.apply$$anonfun$3$$anonfun$1(FunFixtures.scala:60)
	at scala.concurrent.Future$.$anonfun$apply$1(Future.scala:678)
	at scala.concurrent.impl.Promise$Transformation.run(Promise.scala:467)
	at munit.Suite$$anon$1.execute(Suite.scala:26)
	at scala.concurrent.impl.Promise$Transformation.submitWithValue(Promise.scala:429)
	at scala.concurrent.impl.Promise$DefaultPromise.submitWithValue(Promise.scala:338)
	at scala.concurrent.impl.Promise$DefaultPromise.dispatchOrAddCallbacks(Promise.scala:312)
	at scala.concurrent.impl.Promise$DefaultPromise.map(Promise.scala:182)
	at scala.concurrent.Future$.apply(Future.scala:678)
	at munit.FunFixtures.munit$FunFixtures$FunFixture$$$_$apply$$anonfun$1(FunFixtures.scala:60)
	at munit.FunFixtures$FunFixture.test$$anonfun$1(FunFixtures.scala:33)
</failure>
                    </testcase><testcase classname="todo.TodoSuite" name="tags returns all tags-1" time="0.0">
                      <failure message="scala.NotImplementedError: an implementation is missing" type="sbt.ForkMain$ForkError">sbt.ForkMain$ForkError: scala.NotImplementedError: an implementation is missing
	at scala.Predef$.$qmark$qmark$qmark(Predef.scala:344)
	at todo.PersistentModel$.clear(PersistentModel.scala:128)
	at todo.TodoSuite.makeModelFixture$$anonfun$1(TodoSuite.scala:22)
	at munit.FunFixtures.apply$$anonfun$3$$anonfun$1(FunFixtures.scala:60)
	at scala.concurrent.Future$.$anonfun$apply$1(Future.scala:678)
	at scala.concurrent.impl.Promise$Transformation.run(Promise.scala:467)
	at munit.Suite$$anon$1.execute(Suite.scala:26)
	at scala.concurrent.impl.Promise$Transformation.submitWithValue(Promise.scala:429)
	at scala.concurrent.impl.Promise$DefaultPromise.submitWithValue(Promise.scala:338)
	at scala.concurrent.impl.Promise$DefaultPromise.dispatchOrAddCallbacks(Promise.scala:312)
	at scala.concurrent.impl.Promise$DefaultPromise.map(Promise.scala:182)
	at scala.concurrent.Future$.apply(Future.scala:678)
	at munit.FunFixtures.munit$FunFixtures$FunFixture$$$_$apply$$anonfun$1(FunFixtures.scala:60)
	at munit.FunFixtures$FunFixture.test$$anonfun$1(FunFixtures.scala:33)
</failure>
                    </testcase>
          <system-out><![CDATA[]]></system-out>
          <system-err><![CDATA[]]></system-err>
        </testsuite>